<?xml version="1.0" encoding="UTF-8"?>
<testng-results ignored="0" total="2" passed="2" failed="0" skipped="0">
  <reporter-output>
  </reporter-output>
  <suite started-at="2023-08-03T17:03:21 MST" name="Suite" finished-at="2023-08-03T17:03:31 MST" duration-ms="10064">
    <groups>
    </groups>
    <test started-at="2023-08-03T17:03:21 MST" name="Test" finished-at="2023-08-03T17:03:31 MST" duration-ms="10064">
      <class name="com.Sampleselenium.TestCase.SearchText">
        <test-method is-config="true" signature="initialization(java.lang.String)[pri:0, instance:com.Sampleselenium.TestCase.SearchText@6574a52c]" started-at="2023-08-03T17:03:21 MST" name="initialization" finished-at="2023-08-03T17:03:30 MST" duration-ms="9446" status="PASS">
          <params>
            <param index="0">
              <value>
                <![CDATA[chrome]]>
              </value>
            </param>
          </params>
          <reporter-output>
          </reporter-output>
        </test-method> <!-- initialization -->
        <test-method signature="enterText()[pri:0, instance:com.Sampleselenium.TestCase.SearchText@6574a52c]" started-at="2023-08-03T17:03:30 MST" name="enterText" finished-at="2023-08-03T17:03:31 MST" duration-ms="365" status="PASS">
          <reporter-output>
          </reporter-output>
        </test-method> <!-- enterText -->
        <test-method signature="compareTitle()[pri:0, instance:com.Sampleselenium.TestCase.SearchText@6574a52c]" started-at="2023-08-03T17:03:31 MST" name="compareTitle" finished-at="2023-08-03T17:03:31 MST" duration-ms="28" status="PASS">
          <reporter-output>
          </reporter-output>
        </test-method> <!-- compareTitle -->
        <test-method is-config="true" signature="tearDown()[pri:0, instance:com.Sampleselenium.TestCase.SearchText@6574a52c]" started-at="2023-08-03T17:03:31 MST" name="tearDown" finished-at="2023-08-03T17:03:31 MST" duration-ms="188" status="PASS">
          <reporter-output>
          </reporter-output>
        </test-method> <!-- tearDown -->
      </class> <!-- com.Sampleselenium.TestCase.SearchText -->
    </test> <!-- Test -->
  </suite> <!-- Suite -->
</testng-results>
